{"/Users/mac/Documents/hng/hng_online/UserOrgApi/app.js": {"path":"/Users/mac/Documents/hng/hng_online/UserOrgApi/app.js","statementMap":{"0":{"start":{"line":1,"column":16},"end":{"line":1,"column":34}},"1":{"start":{"line":2,"column":19},"end":{"line":2,"column":41}},"2":{"start":{"line":5,"column":13},"end":{"line":5,"column":28}},"3":{"start":{"line":6,"column":0},"end":{"line":6,"column":27}},"4":{"start":{"line":7,"column":13},"end":{"line":7,"column":28}},"5":{"start":{"line":11,"column":12},"end":{"line":11,"column":21}},"6":{"start":{"line":22,"column":0},"end":{"line":22,"column":51}},"7":{"start":{"line":23,"column":0},"end":{"line":23,"column":27}},"8":{"start":{"line":24,"column":0},"end":{"line":24,"column":16}},"9":{"start":{"line":26,"column":0},"end":{"line":26,"column":24}},"10":{"start":{"line":35,"column":18},"end":{"line":35,"column":50}},"11":{"start":{"line":36,"column":19},"end":{"line":36,"column":52}},"12":{"start":{"line":39,"column":0},"end":{"line":39,"column":24}},"13":{"start":{"line":40,"column":0},"end":{"line":40,"column":23}},"14":{"start":{"line":50,"column":15},"end":{"line":52,"column":4}},"15":{"start":{"line":51,"column":4},"end":{"line":51,"column":49}},"16":{"start":{"line":55,"column":2},"end":{"line":55,"column":35}}},"fnMap":{"0":{"name":"(anonymous_0)","decl":{"start":{"line":50,"column":32},"end":{"line":50,"column":33}},"loc":{"start":{"line":50,"column":38},"end":{"line":52,"column":3}},"line":50}},"branchMap":{},"s":{"0":1,"1":1,"2":1,"3":1,"4":1,"5":1,"6":1,"7":1,"8":1,"9":1,"10":1,"11":1,"12":1,"13":1,"14":1,"15":1,"16":1},"f":{"0":1},"b":{},"_coverageSchema":"1a1c01bbd47fc00a2c39e90264f33305004495a9","hash":"66aff518c94f040c704b1fc6306916ff7a5a292e"}
,"/Users/mac/Documents/hng/hng_online/UserOrgApi/context.js": {"path":"/Users/mac/Documents/hng/hng_online/UserOrgApi/context.js","statementMap":{"0":{"start":{"line":13,"column":15},"end":{"line":13,"column":41}},"1":{"start":{"line":16,"column":2},"end":{"line":22,"column":3}},"2":{"start":{"line":17,"column":4},"end":{"line":19,"column":6}},"3":{"start":{"line":21,"column":4},"end":{"line":21,"column":47}},"4":{"start":{"line":26,"column":0},"end":{"line":29,"column":1}}},"fnMap":{"0":{"name":"createUser","decl":{"start":{"line":15,"column":15},"end":{"line":15,"column":25}},"loc":{"start":{"line":15,"column":33},"end":{"line":23,"column":1}},"line":15}},"branchMap":{"0":{"loc":{"start":{"line":16,"column":2},"end":{"line":22,"column":3}},"type":"if","locations":[{"start":{"line":16,"column":2},"end":{"line":22,"column":3}},{"start":{"line":20,"column":9},"end":{"line":22,"column":3}}],"line":16}},"s":{"0":1,"1":0,"2":0,"3":0,"4":1},"f":{"0":0},"b":{"0":[0,0]},"_coverageSchema":"1a1c01bbd47fc00a2c39e90264f33305004495a9","hash":"c59503b547b02543f4f41f267938fc12d2886a06"}
,"/Users/mac/Documents/hng/hng_online/UserOrgApi/src/controllers/authController.js": {"path":"/Users/mac/Documents/hng/hng_online/UserOrgApi/src/controllers/authController.js","statementMap":{"0":{"start":{"line":3,"column":19},"end":{"line":3,"column":49}},"1":{"start":{"line":4,"column":42},"end":{"line":4,"column":76}},"2":{"start":{"line":5,"column":34},"end":{"line":5,"column":69}},"3":{"start":{"line":12,"column":2},"end":{"line":12,"column":31}},"4":{"start":{"line":17,"column":60},"end":{"line":17,"column":68}},"5":{"start":{"line":18,"column":21},"end":{"line":18,"column":55}},"6":{"start":{"line":20,"column":4},"end":{"line":71,"column":5}},"7":{"start":{"line":21,"column":25},"end":{"line":41,"column":10}},"8":{"start":{"line":43,"column":22},"end":{"line":43,"column":75}},"9":{"start":{"line":45,"column":8},"end":{"line":68,"column":9}},"10":{"start":{"line":46,"column":10},"end":{"line":59,"column":10}},"11":{"start":{"line":60,"column":10},"end":{"line":60,"column":49}},"12":{"start":{"line":62,"column":10},"end":{"line":62,"column":21}},"13":{"start":{"line":70,"column":8},"end":{"line":70,"column":19}},"14":{"start":{"line":110,"column":32},"end":{"line":110,"column":40}},"15":{"start":{"line":111,"column":4},"end":{"line":142,"column":5}},"16":{"start":{"line":112,"column":19},"end":{"line":112,"column":69}},"17":{"start":{"line":113,"column":6},"end":{"line":119,"column":7}},"18":{"start":{"line":114,"column":8},"end":{"line":118,"column":11}},"19":{"start":{"line":121,"column":25},"end":{"line":121,"column":46}},"20":{"start":{"line":122,"column":26},"end":{"line":124,"column":8}},"21":{"start":{"line":126,"column":6},"end":{"line":139,"column":9}},"22":{"start":{"line":141,"column":6},"end":{"line":141,"column":17}},"23":{"start":{"line":170,"column":17},"end":{"line":170,"column":27}},"24":{"start":{"line":171,"column":24},"end":{"line":171,"column":35}},"25":{"start":{"line":173,"column":2},"end":{"line":221,"column":3}},"26":{"start":{"line":175,"column":28},"end":{"line":178,"column":6}},"27":{"start":{"line":181,"column":30},"end":{"line":181,"column":76}},"28":{"start":{"line":181,"column":61},"end":{"line":181,"column":75}},"29":{"start":{"line":184,"column":17},"end":{"line":193,"column":6}},"30":{"start":{"line":195,"column":4},"end":{"line":197,"column":5}},"31":{"start":{"line":196,"column":6},"end":{"line":196,"column":63}},"32":{"start":{"line":200,"column":22},"end":{"line":200,"column":91}},"33":{"start":{"line":200,"column":48},"end":{"line":200,"column":90}},"34":{"start":{"line":202,"column":4},"end":{"line":204,"column":5}},"35":{"start":{"line":203,"column":6},"end":{"line":203,"column":95}},"36":{"start":{"line":205,"column":4},"end":{"line":215,"column":7}},"37":{"start":{"line":219,"column":4},"end":{"line":219,"column":25}},"38":{"start":{"line":220,"column":4},"end":{"line":220,"column":86}},"39":{"start":{"line":228,"column":0},"end":{"line":233,"column":4}}},"fnMap":{"0":{"name":"authhome","decl":{"start":{"line":11,"column":15},"end":{"line":11,"column":23}},"loc":{"start":{"line":11,"column":34},"end":{"line":14,"column":1}},"line":11},"1":{"name":"register","decl":{"start":{"line":16,"column":15},"end":{"line":16,"column":23}},"loc":{"start":{"line":16,"column":41},"end":{"line":73,"column":1}},"line":16},"2":{"name":"login","decl":{"start":{"line":77,"column":15},"end":{"line":77,"column":20}},"loc":{"start":{"line":77,"column":38},"end":{"line":143,"column":1}},"line":77},"3":{"name":"getUser","decl":{"start":{"line":169,"column":15},"end":{"line":169,"column":22}},"loc":{"start":{"line":169,"column":39},"end":{"line":222,"column":1}},"line":169},"4":{"name":"(anonymous_4)","decl":{"start":{"line":181,"column":50},"end":{"line":181,"column":51}},"loc":{"start":{"line":181,"column":61},"end":{"line":181,"column":75}},"line":181},"5":{"name":"(anonymous_5)","decl":{"start":{"line":200,"column":37},"end":{"line":200,"column":38}},"loc":{"start":{"line":200,"column":48},"end":{"line":200,"column":90}},"line":200}},"branchMap":{"0":{"loc":{"start":{"line":113,"column":6},"end":{"line":119,"column":7}},"type":"if","locations":[{"start":{"line":113,"column":6},"end":{"line":119,"column":7}},{"start":{},"end":{}}],"line":113},"1":{"loc":{"start":{"line":113,"column":10},"end":{"line":113,"column":67}},"type":"binary-expr","locations":[{"start":{"line":113,"column":10},"end":{"line":113,"column":15}},{"start":{"line":113,"column":19},"end":{"line":113,"column":67}}],"line":113},"2":{"loc":{"start":{"line":195,"column":4},"end":{"line":197,"column":5}},"type":"if","locations":[{"start":{"line":195,"column":4},"end":{"line":197,"column":5}},{"start":{},"end":{}}],"line":195},"3":{"loc":{"start":{"line":202,"column":4},"end":{"line":204,"column":5}},"type":"if","locations":[{"start":{"line":202,"column":4},"end":{"line":204,"column":5}},{"start":{},"end":{}}],"line":202},"4":{"loc":{"start":{"line":202,"column":8},"end":{"line":202,"column":42}},"type":"binary-expr","locations":[{"start":{"line":202,"column":8},"end":{"line":202,"column":28}},{"start":{"line":202,"column":32},"end":{"line":202,"column":42}}],"line":202}},"s":{"0":1,"1":1,"2":1,"3":0,"4":7,"5":7,"6":7,"7":7,"8":7,"9":0,"10":0,"11":0,"12":0,"13":7,"14":3,"15":3,"16":3,"17":3,"18":3,"19":0,"20":0,"21":0,"22":0,"23":0,"24":0,"25":0,"26":0,"27":0,"28":0,"29":0,"30":0,"31":0,"32":0,"33":0,"34":0,"35":0,"36":0,"37":0,"38":0,"39":1},"f":{"0":0,"1":7,"2":3,"3":0,"4":0,"5":0},"b":{"0":[3,0],"1":[3,0],"2":[0,0],"3":[0,0],"4":[0,0]},"_coverageSchema":"1a1c01bbd47fc00a2c39e90264f33305004495a9","hash":"1acae02821c9e12c4b41b29a68ea0802d7bfb0dd"}
,"/Users/mac/Documents/hng/hng_online/UserOrgApi/src/controllers/orgController.js": {"path":"/Users/mac/Documents/hng/hng_online/UserOrgApi/src/controllers/orgController.js","statementMap":{"0":{"start":{"line":1,"column":19},"end":{"line":1,"column":49}},"1":{"start":{"line":6,"column":4},"end":{"line":26,"column":5}},"2":{"start":{"line":7,"column":28},"end":{"line":15,"column":8}},"3":{"start":{"line":17,"column":6},"end":{"line":23,"column":9}},"4":{"start":{"line":25,"column":6},"end":{"line":25,"column":63}},"5":{"start":{"line":31,"column":4},"end":{"line":66,"column":9}},"6":{"start":{"line":33,"column":24},"end":{"line":33,"column":34}},"7":{"start":{"line":34,"column":29},"end":{"line":39,"column":10}},"8":{"start":{"line":41,"column":8},"end":{"line":43,"column":9}},"9":{"start":{"line":42,"column":10},"end":{"line":42,"column":68}},"10":{"start":{"line":45,"column":8},"end":{"line":45,"column":39}},"11":{"start":{"line":46,"column":28},"end":{"line":46,"column":89}},"12":{"start":{"line":46,"column":60},"end":{"line":46,"column":88}},"13":{"start":{"line":47,"column":8},"end":{"line":47,"column":32}},"14":{"start":{"line":49,"column":8},"end":{"line":61,"column":9}},"15":{"start":{"line":50,"column":10},"end":{"line":50,"column":68}},"16":{"start":{"line":53,"column":10},"end":{"line":60,"column":11}},"17":{"start":{"line":65,"column":10},"end":{"line":65,"column":67}},"18":{"start":{"line":72,"column":32},"end":{"line":72,"column":40}},"19":{"start":{"line":74,"column":2},"end":{"line":102,"column":3}},"20":{"start":{"line":75,"column":25},"end":{"line":89,"column":6}},"21":{"start":{"line":91,"column":4},"end":{"line":95,"column":7}},"22":{"start":{"line":97,"column":4},"end":{"line":101,"column":7}},"23":{"start":{"line":108,"column":22},"end":{"line":108,"column":32}},"24":{"start":{"line":109,"column":23},"end":{"line":109,"column":31}},"25":{"start":{"line":111,"column":4},"end":{"line":140,"column":5}},"26":{"start":{"line":113,"column":27},"end":{"line":113,"column":85}},"27":{"start":{"line":114,"column":6},"end":{"line":116,"column":7}},"28":{"start":{"line":115,"column":8},"end":{"line":115,"column":75}},"29":{"start":{"line":119,"column":19},"end":{"line":120,"column":28}},"30":{"start":{"line":121,"column":6},"end":{"line":123,"column":7}},"31":{"start":{"line":122,"column":8},"end":{"line":122,"column":67}},"32":{"start":{"line":126,"column":6},"end":{"line":131,"column":9}},"33":{"start":{"line":133,"column":6},"end":{"line":136,"column":9}},"34":{"start":{"line":139,"column":6},"end":{"line":139,"column":63}},"35":{"start":{"line":147,"column":2},"end":{"line":150,"column":6}}},"fnMap":{"0":{"name":"getallOrg","decl":{"start":{"line":5,"column":15},"end":{"line":5,"column":24}},"loc":{"start":{"line":5,"column":42},"end":{"line":27,"column":1}},"line":5},"1":{"name":"getAOrg","decl":{"start":{"line":30,"column":15},"end":{"line":30,"column":22}},"loc":{"start":{"line":30,"column":40},"end":{"line":67,"column":1}},"line":30},"2":{"name":"(anonymous_2)","decl":{"start":{"line":46,"column":52},"end":{"line":46,"column":53}},"loc":{"start":{"line":46,"column":60},"end":{"line":46,"column":88}},"line":46},"3":{"name":"createOrg","decl":{"start":{"line":71,"column":15},"end":{"line":71,"column":24}},"loc":{"start":{"line":71,"column":42},"end":{"line":103,"column":1}},"line":71},"4":{"name":"addUserToOrg","decl":{"start":{"line":107,"column":15},"end":{"line":107,"column":27}},"loc":{"start":{"line":107,"column":45},"end":{"line":141,"column":3}},"line":107}},"branchMap":{"0":{"loc":{"start":{"line":41,"column":8},"end":{"line":43,"column":9}},"type":"if","locations":[{"start":{"line":41,"column":8},"end":{"line":43,"column":9}},{"start":{},"end":{}}],"line":41},"1":{"loc":{"start":{"line":49,"column":8},"end":{"line":61,"column":9}},"type":"if","locations":[{"start":{"line":49,"column":8},"end":{"line":61,"column":9}},{"start":{"line":52,"column":14},"end":{"line":61,"column":9}}],"line":49},"2":{"loc":{"start":{"line":114,"column":6},"end":{"line":116,"column":7}},"type":"if","locations":[{"start":{"line":114,"column":6},"end":{"line":116,"column":7}},{"start":{},"end":{}}],"line":114},"3":{"loc":{"start":{"line":121,"column":6},"end":{"line":123,"column":7}},"type":"if","locations":[{"start":{"line":121,"column":6},"end":{"line":123,"column":7}},{"start":{},"end":{}}],"line":121}},"s":{"0":1,"1":0,"2":0,"3":0,"4":0,"5":0,"6":0,"7":0,"8":0,"9":0,"10":0,"11":0,"12":0,"13":0,"14":0,"15":0,"16":0,"17":0,"18":0,"19":0,"20":0,"21":0,"22":0,"23":0,"24":0,"25":0,"26":0,"27":0,"28":0,"29":0,"30":0,"31":0,"32":0,"33":0,"34":0,"35":1},"f":{"0":0,"1":0,"2":0,"3":0,"4":0},"b":{"0":[0,0],"1":[0,0],"2":[0,0],"3":[0,0]},"_coverageSchema":"1a1c01bbd47fc00a2c39e90264f33305004495a9","hash":"643b5d3bc3c9bd665cd555b182bc7a07d1b1e57a"}
,"/Users/mac/Documents/hng/hng_online/UserOrgApi/src/middlewares/authMiddleware.js": {"path":"/Users/mac/Documents/hng/hng_online/UserOrgApi/src/middlewares/authMiddleware.js","statementMap":{"0":{"start":{"line":1,"column":19},"end":{"line":1,"column":49}},"1":{"start":{"line":2,"column":12},"end":{"line":2,"column":35}},"2":{"start":{"line":4,"column":19},"end":{"line":4,"column":41}},"3":{"start":{"line":8,"column":26},"end":{"line":32,"column":1}},"4":{"start":{"line":9,"column":21},"end":{"line":9,"column":48}},"5":{"start":{"line":10,"column":16},"end":{"line":10,"column":54}},"6":{"start":{"line":11,"column":2},"end":{"line":11,"column":72}},"7":{"start":{"line":11,"column":14},"end":{"line":11,"column":72}},"8":{"start":{"line":14,"column":2},"end":{"line":23,"column":5}},"9":{"start":{"line":15,"column":4},"end":{"line":20,"column":5}},"10":{"start":{"line":16,"column":6},"end":{"line":18,"column":7}},"11":{"start":{"line":17,"column":8},"end":{"line":17,"column":66}},"12":{"start":{"line":19,"column":6},"end":{"line":19,"column":64}},"13":{"start":{"line":21,"column":4},"end":{"line":21,"column":20}},"14":{"start":{"line":22,"column":4},"end":{"line":22,"column":11}},"15":{"start":{"line":34,"column":0},"end":{"line":34,"column":38}}},"fnMap":{"0":{"name":"(anonymous_0)","decl":{"start":{"line":8,"column":26},"end":{"line":8,"column":27}},"loc":{"start":{"line":8,"column":46},"end":{"line":32,"column":1}},"line":8},"1":{"name":"(anonymous_1)","decl":{"start":{"line":14,"column":32},"end":{"line":14,"column":33}},"loc":{"start":{"line":14,"column":47},"end":{"line":23,"column":3}},"line":14}},"branchMap":{"0":{"loc":{"start":{"line":10,"column":16},"end":{"line":10,"column":54}},"type":"binary-expr","locations":[{"start":{"line":10,"column":16},"end":{"line":10,"column":26}},{"start":{"line":10,"column":30},"end":{"line":10,"column":54}}],"line":10},"1":{"loc":{"start":{"line":11,"column":2},"end":{"line":11,"column":72}},"type":"if","locations":[{"start":{"line":11,"column":2},"end":{"line":11,"column":72}},{"start":{},"end":{}}],"line":11},"2":{"loc":{"start":{"line":15,"column":4},"end":{"line":20,"column":5}},"type":"if","locations":[{"start":{"line":15,"column":4},"end":{"line":20,"column":5}},{"start":{},"end":{}}],"line":15},"3":{"loc":{"start":{"line":16,"column":6},"end":{"line":18,"column":7}},"type":"if","locations":[{"start":{"line":16,"column":6},"end":{"line":18,"column":7}},{"start":{},"end":{}}],"line":16}},"s":{"0":1,"1":1,"2":1,"3":1,"4":2,"5":2,"6":2,"7":0,"8":2,"9":2,"10":2,"11":0,"12":2,"13":0,"14":0,"15":1},"f":{"0":2,"1":2},"b":{"0":[2,2],"1":[0,2],"2":[2,0],"3":[0,2]},"_coverageSchema":"1a1c01bbd47fc00a2c39e90264f33305004495a9","hash":"918816a32c3eefd1a4d69c6b293f6cb5c72317c0"}
,"/Users/mac/Documents/hng/hng_online/UserOrgApi/src/routes/authRoute.js": {"path":"/Users/mac/Documents/hng/hng_online/UserOrgApi/src/routes/authRoute.js","statementMap":{"0":{"start":{"line":1,"column":15},"end":{"line":1,"column":42}},"1":{"start":{"line":8,"column":6},"end":{"line":8,"column":46}},"2":{"start":{"line":10,"column":30},"end":{"line":10,"column":70}},"3":{"start":{"line":11,"column":42},"end":{"line":11,"column":67}},"4":{"start":{"line":14,"column":0},"end":{"line":14,"column":39}},"5":{"start":{"line":16,"column":0},"end":{"line":16,"column":73}},"6":{"start":{"line":18,"column":0},"end":{"line":18,"column":34}},"7":{"start":{"line":20,"column":0},"end":{"line":20,"column":57}},"8":{"start":{"line":27,"column":0},"end":{"line":27,"column":24}}},"fnMap":{},"branchMap":{},"s":{"0":1,"1":1,"2":1,"3":1,"4":1,"5":1,"6":1,"7":1,"8":1},"f":{},"b":{},"_coverageSchema":"1a1c01bbd47fc00a2c39e90264f33305004495a9","hash":"e94532e68dc163843d7237fb5a2c306b1fb52e51"}
,"/Users/mac/Documents/hng/hng_online/UserOrgApi/src/routes/orgRoute.js": {"path":"/Users/mac/Documents/hng/hng_online/UserOrgApi/src/routes/orgRoute.js","statementMap":{"0":{"start":{"line":1,"column":15},"end":{"line":1,"column":42}},"1":{"start":{"line":5,"column":6},"end":{"line":5,"column":45}},"2":{"start":{"line":7,"column":30},"end":{"line":7,"column":70}},"3":{"start":{"line":8,"column":50},"end":{"line":8,"column":75}},"4":{"start":{"line":12,"column":0},"end":{"line":12,"column":62}},"5":{"start":{"line":14,"column":0},"end":{"line":14,"column":68}},"6":{"start":{"line":16,"column":0},"end":{"line":16,"column":105}},"7":{"start":{"line":18,"column":0},"end":{"line":18,"column":61}},"8":{"start":{"line":22,"column":2},"end":{"line":22,"column":26}}},"fnMap":{},"branchMap":{},"s":{"0":1,"1":1,"2":1,"3":1,"4":1,"5":1,"6":1,"7":1,"8":1},"f":{},"b":{},"_coverageSchema":"1a1c01bbd47fc00a2c39e90264f33305004495a9","hash":"8eccee69c3080995e97015e0538e36e2a8f823ab"}
,"/Users/mac/Documents/hng/hng_online/UserOrgApi/src/services/authService.js": {"path":"/Users/mac/Documents/hng/hng_online/UserOrgApi/src/services/authService.js","statementMap":{"0":{"start":{"line":1,"column":15},"end":{"line":1,"column":32}},"1":{"start":{"line":6,"column":17},"end":{"line":6,"column":37}},"2":{"start":{"line":7,"column":4},"end":{"line":7,"column":44}},"3":{"start":{"line":13,"column":4},"end":{"line":13,"column":41}},"4":{"start":{"line":16,"column":0},"end":{"line":18,"column":2}}},"fnMap":{"0":{"name":"hashPassword","decl":{"start":{"line":5,"column":9},"end":{"line":5,"column":21}},"loc":{"start":{"line":5,"column":32},"end":{"line":8,"column":1}},"line":5},"1":{"name":"comparePassword","decl":{"start":{"line":12,"column":9},"end":{"line":12,"column":24}},"loc":{"start":{"line":12,"column":36},"end":{"line":14,"column":1}},"line":12}},"branchMap":{},"s":{"0":1,"1":7,"2":7,"3":0,"4":1},"f":{"0":7,"1":0},"b":{},"_coverageSchema":"1a1c01bbd47fc00a2c39e90264f33305004495a9","hash":"efeef4f4bce106390712fde75bfb95850b5de1e7"}
,"/Users/mac/Documents/hng/hng_online/UserOrgApi/src/services/tokenService.js": {"path":"/Users/mac/Documents/hng/hng_online/UserOrgApi/src/services/tokenService.js","statementMap":{"0":{"start":{"line":1,"column":12},"end":{"line":1,"column":35}},"1":{"start":{"line":3,"column":19},"end":{"line":3,"column":41}},"2":{"start":{"line":8,"column":2},"end":{"line":8,"column":50}},"3":{"start":{"line":13,"column":2},"end":{"line":17,"column":3}},"4":{"start":{"line":14,"column":4},"end":{"line":14,"column":37}},"5":{"start":{"line":16,"column":4},"end":{"line":16,"column":48}},"6":{"start":{"line":20,"column":0},"end":{"line":24,"column":2}}},"fnMap":{"0":{"name":"signToken","decl":{"start":{"line":7,"column":9},"end":{"line":7,"column":18}},"loc":{"start":{"line":7,"column":47},"end":{"line":9,"column":1}},"line":7},"1":{"name":"validateToken","decl":{"start":{"line":12,"column":9},"end":{"line":12,"column":22}},"loc":{"start":{"line":12,"column":38},"end":{"line":18,"column":1}},"line":12}},"branchMap":{},"s":{"0":1,"1":1,"2":0,"3":0,"4":0,"5":0,"6":1},"f":{"0":0,"1":0},"b":{},"_coverageSchema":"1a1c01bbd47fc00a2c39e90264f33305004495a9","hash":"be9637c98a77acfdcd98f4664f4b9956f3593927"}
,"/Users/mac/Documents/hng/hng_online/UserOrgApi/src/utils/error.js": {"path":"/Users/mac/Documents/hng/hng_online/UserOrgApi/src/utils/error.js","statementMap":{"0":{"start":{"line":1,"column":35},"end":{"line":1,"column":63}},"1":{"start":{"line":2,"column":19},"end":{"line":2,"column":49}},"2":{"start":{"line":6,"column":28},"end":{"line":34,"column":3}},"3":{"start":{"line":7,"column":4},"end":{"line":33,"column":6}},"4":{"start":{"line":11,"column":31},"end":{"line":11,"column":81}},"5":{"start":{"line":12,"column":10},"end":{"line":14,"column":11}},"6":{"start":{"line":13,"column":12},"end":{"line":13,"column":52}},"7":{"start":{"line":15,"column":10},"end":{"line":15,"column":22}},"8":{"start":{"line":18,"column":31},"end":{"line":18,"column":82}},"9":{"start":{"line":19,"column":8},"end":{"line":21,"column":9}},"10":{"start":{"line":20,"column":10},"end":{"line":20,"column":51}},"11":{"start":{"line":22,"column":8},"end":{"line":22,"column":20}},"12":{"start":{"line":36,"column":38},"end":{"line":42,"column":3}},"13":{"start":{"line":37,"column":4},"end":{"line":41,"column":6}},"14":{"start":{"line":46,"column":17},"end":{"line":58,"column":1}},"15":{"start":{"line":47,"column":19},"end":{"line":47,"column":40}},"16":{"start":{"line":48,"column":4},"end":{"line":50,"column":5}},"17":{"start":{"line":49,"column":8},"end":{"line":49,"column":22}},"18":{"start":{"line":52,"column":28},"end":{"line":52,"column":30}},"19":{"start":{"line":53,"column":4},"end":{"line":53,"column":91}},"20":{"start":{"line":53,"column":30},"end":{"line":53,"column":89}},"21":{"start":{"line":55,"column":4},"end":{"line":57,"column":7}},"22":{"start":{"line":61,"column":0},"end":{"line":63,"column":1}}},"fnMap":{"0":{"name":"(anonymous_0)","decl":{"start":{"line":6,"column":28},"end":{"line":6,"column":29}},"loc":{"start":{"line":6,"column":34},"end":{"line":34,"column":3}},"line":6},"1":{"name":"(anonymous_1)","decl":{"start":{"line":10,"column":16},"end":{"line":10,"column":17}},"loc":{"start":{"line":10,"column":33},"end":{"line":16,"column":9}},"line":10},"2":{"name":"(anonymous_2)","decl":{"start":{"line":17,"column":28},"end":{"line":17,"column":29}},"loc":{"start":{"line":17,"column":46},"end":{"line":23,"column":7}},"line":17},"3":{"name":"(anonymous_3)","decl":{"start":{"line":36,"column":38},"end":{"line":36,"column":39}},"loc":{"start":{"line":36,"column":44},"end":{"line":42,"column":3}},"line":36},"4":{"name":"(anonymous_4)","decl":{"start":{"line":46,"column":17},"end":{"line":46,"column":18}},"loc":{"start":{"line":46,"column":37},"end":{"line":58,"column":1}},"line":46},"5":{"name":"(anonymous_5)","decl":{"start":{"line":53,"column":23},"end":{"line":53,"column":24}},"loc":{"start":{"line":53,"column":30},"end":{"line":53,"column":89}},"line":53}},"branchMap":{"0":{"loc":{"start":{"line":12,"column":10},"end":{"line":14,"column":11}},"type":"if","locations":[{"start":{"line":12,"column":10},"end":{"line":14,"column":11}},{"start":{},"end":{}}],"line":12},"1":{"loc":{"start":{"line":19,"column":8},"end":{"line":21,"column":9}},"type":"if","locations":[{"start":{"line":19,"column":8},"end":{"line":21,"column":9}},{"start":{},"end":{}}],"line":19},"2":{"loc":{"start":{"line":48,"column":4},"end":{"line":50,"column":5}},"type":"if","locations":[{"start":{"line":48,"column":4},"end":{"line":50,"column":5}},{"start":{},"end":{}}],"line":48}},"s":{"0":1,"1":1,"2":1,"3":1,"4":8,"5":8,"6":0,"7":8,"8":8,"9":8,"10":0,"11":8,"12":1,"13":1,"14":1,"15":8,"16":8,"17":7,"18":1,"19":1,"20":1,"21":1,"22":1},"f":{"0":1,"1":8,"2":8,"3":1,"4":8,"5":1},"b":{"0":[0,8],"1":[0,8],"2":[7,1]},"_coverageSchema":"1a1c01bbd47fc00a2c39e90264f33305004495a9","hash":"31f4c08c3a1bb857c4c05762017cbbbcf35091f6"}
}
