{"/Users/mac/Documents/hng/hng_online/UserOrgApi/app.js": {"path":"/Users/mac/Documents/hng/hng_online/UserOrgApi/app.js","statementMap":{"0":{"start":{"line":1,"column":16},"end":{"line":1,"column":34}},"1":{"start":{"line":2,"column":19},"end":{"line":2,"column":41}},"2":{"start":{"line":5,"column":13},"end":{"line":5,"column":28}},"3":{"start":{"line":6,"column":0},"end":{"line":6,"column":27}},"4":{"start":{"line":7,"column":13},"end":{"line":7,"column":28}},"5":{"start":{"line":11,"column":12},"end":{"line":11,"column":21}},"6":{"start":{"line":22,"column":0},"end":{"line":22,"column":51}},"7":{"start":{"line":23,"column":0},"end":{"line":23,"column":27}},"8":{"start":{"line":24,"column":0},"end":{"line":24,"column":16}},"9":{"start":{"line":26,"column":0},"end":{"line":26,"column":24}},"10":{"start":{"line":35,"column":18},"end":{"line":35,"column":50}},"11":{"start":{"line":36,"column":19},"end":{"line":36,"column":52}},"12":{"start":{"line":39,"column":0},"end":{"line":39,"column":24}},"13":{"start":{"line":40,"column":0},"end":{"line":40,"column":23}},"14":{"start":{"line":44,"column":0},"end":{"line":46,"column":3}},"15":{"start":{"line":45,"column":4},"end":{"line":45,"column":47}},"16":{"start":{"line":48,"column":0},"end":{"line":48,"column":21}},"17":{"start":{"line":50,"column":15},"end":{"line":52,"column":4}},"18":{"start":{"line":51,"column":4},"end":{"line":51,"column":49}},"19":{"start":{"line":74,"column":0},"end":{"line":74,"column":33}}},"fnMap":{"0":{"name":"(anonymous_0)","decl":{"start":{"line":44,"column":17},"end":{"line":44,"column":18}},"loc":{"start":{"line":44,"column":23},"end":{"line":46,"column":1}},"line":44},"1":{"name":"(anonymous_1)","decl":{"start":{"line":50,"column":32},"end":{"line":50,"column":33}},"loc":{"start":{"line":50,"column":38},"end":{"line":52,"column":3}},"line":50}},"branchMap":{},"s":{"0":1,"1":1,"2":1,"3":1,"4":1,"5":1,"6":1,"7":1,"8":1,"9":1,"10":1,"11":1,"12":1,"13":1,"14":1,"15":1,"16":1,"17":1,"18":0,"19":1},"f":{"0":1,"1":0},"b":{},"_coverageSchema":"1a1c01bbd47fc00a2c39e90264f33305004495a9","hash":"3882725703ac85a2dfdf68935d10aa34dbcfcba2"}
,"/Users/mac/Documents/hng/hng_online/UserOrgApi/src/controllers/authController.js": {"path":"/Users/mac/Documents/hng/hng_online/UserOrgApi/src/controllers/authController.js","statementMap":{"0":{"start":{"line":6,"column":19},"end":{"line":6,"column":49}},"1":{"start":{"line":7,"column":42},"end":{"line":7,"column":76}},"2":{"start":{"line":8,"column":34},"end":{"line":8,"column":69}},"3":{"start":{"line":15,"column":2},"end":{"line":15,"column":31}},"4":{"start":{"line":20,"column":60},"end":{"line":20,"column":68}},"5":{"start":{"line":21,"column":21},"end":{"line":21,"column":55}},"6":{"start":{"line":27,"column":4},"end":{"line":27,"column":76}},"7":{"start":{"line":31,"column":4},"end":{"line":88,"column":5}},"8":{"start":{"line":32,"column":25},"end":{"line":54,"column":10}},"9":{"start":{"line":55,"column":8},"end":{"line":55,"column":40}},"10":{"start":{"line":57,"column":22},"end":{"line":57,"column":74}},"11":{"start":{"line":59,"column":8},"end":{"line":82,"column":9}},"12":{"start":{"line":60,"column":10},"end":{"line":73,"column":10}},"13":{"start":{"line":74,"column":10},"end":{"line":74,"column":49}},"14":{"start":{"line":76,"column":10},"end":{"line":76,"column":21}},"15":{"start":{"line":77,"column":10},"end":{"line":81,"column":12}},"16":{"start":{"line":84,"column":6},"end":{"line":84,"column":17}},"17":{"start":{"line":85,"column":6},"end":{"line":85,"column":55}},"18":{"start":{"line":95,"column":32},"end":{"line":95,"column":40}},"19":{"start":{"line":96,"column":4},"end":{"line":130,"column":5}},"20":{"start":{"line":97,"column":19},"end":{"line":99,"column":8}},"21":{"start":{"line":100,"column":6},"end":{"line":100,"column":42}},"22":{"start":{"line":101,"column":6},"end":{"line":126,"column":7}},"23":{"start":{"line":103,"column":22},"end":{"line":103,"column":71}},"24":{"start":{"line":105,"column":8},"end":{"line":118,"column":11}},"25":{"start":{"line":119,"column":7},"end":{"line":119,"column":39}},"26":{"start":{"line":121,"column":8},"end":{"line":125,"column":8}},"27":{"start":{"line":129,"column":6},"end":{"line":129,"column":17}},"28":{"start":{"line":158,"column":17},"end":{"line":158,"column":27}},"29":{"start":{"line":159,"column":24},"end":{"line":159,"column":35}},"30":{"start":{"line":161,"column":2},"end":{"line":209,"column":3}},"31":{"start":{"line":163,"column":28},"end":{"line":166,"column":6}},"32":{"start":{"line":169,"column":30},"end":{"line":169,"column":76}},"33":{"start":{"line":169,"column":61},"end":{"line":169,"column":75}},"34":{"start":{"line":172,"column":17},"end":{"line":181,"column":6}},"35":{"start":{"line":183,"column":4},"end":{"line":185,"column":5}},"36":{"start":{"line":184,"column":6},"end":{"line":184,"column":63}},"37":{"start":{"line":188,"column":22},"end":{"line":188,"column":91}},"38":{"start":{"line":188,"column":48},"end":{"line":188,"column":90}},"39":{"start":{"line":190,"column":4},"end":{"line":192,"column":5}},"40":{"start":{"line":191,"column":6},"end":{"line":191,"column":95}},"41":{"start":{"line":193,"column":4},"end":{"line":203,"column":7}},"42":{"start":{"line":207,"column":4},"end":{"line":207,"column":25}},"43":{"start":{"line":208,"column":4},"end":{"line":208,"column":86}},"44":{"start":{"line":216,"column":0},"end":{"line":221,"column":4}}},"fnMap":{"0":{"name":"authhome","decl":{"start":{"line":14,"column":15},"end":{"line":14,"column":23}},"loc":{"start":{"line":14,"column":34},"end":{"line":17,"column":1}},"line":14},"1":{"name":"register","decl":{"start":{"line":19,"column":15},"end":{"line":19,"column":23}},"loc":{"start":{"line":19,"column":41},"end":{"line":90,"column":1}},"line":19},"2":{"name":"login","decl":{"start":{"line":94,"column":15},"end":{"line":94,"column":20}},"loc":{"start":{"line":94,"column":38},"end":{"line":131,"column":1}},"line":94},"3":{"name":"getUser","decl":{"start":{"line":157,"column":15},"end":{"line":157,"column":22}},"loc":{"start":{"line":157,"column":39},"end":{"line":210,"column":1}},"line":157},"4":{"name":"(anonymous_4)","decl":{"start":{"line":169,"column":50},"end":{"line":169,"column":51}},"loc":{"start":{"line":169,"column":61},"end":{"line":169,"column":75}},"line":169},"5":{"name":"(anonymous_5)","decl":{"start":{"line":188,"column":37},"end":{"line":188,"column":38}},"loc":{"start":{"line":188,"column":48},"end":{"line":188,"column":90}},"line":188}},"branchMap":{"0":{"loc":{"start":{"line":101,"column":6},"end":{"line":126,"column":7}},"type":"if","locations":[{"start":{"line":101,"column":6},"end":{"line":126,"column":7}},{"start":{"line":120,"column":14},"end":{"line":126,"column":7}}],"line":101},"1":{"loc":{"start":{"line":101,"column":10},"end":{"line":101,"column":62}},"type":"binary-expr","locations":[{"start":{"line":101,"column":10},"end":{"line":101,"column":14}},{"start":{"line":101,"column":18},"end":{"line":101,"column":62}}],"line":101},"2":{"loc":{"start":{"line":183,"column":4},"end":{"line":185,"column":5}},"type":"if","locations":[{"start":{"line":183,"column":4},"end":{"line":185,"column":5}},{"start":{},"end":{}}],"line":183},"3":{"loc":{"start":{"line":190,"column":4},"end":{"line":192,"column":5}},"type":"if","locations":[{"start":{"line":190,"column":4},"end":{"line":192,"column":5}},{"start":{},"end":{}}],"line":190},"4":{"loc":{"start":{"line":190,"column":8},"end":{"line":190,"column":42}},"type":"binary-expr","locations":[{"start":{"line":190,"column":8},"end":{"line":190,"column":28}},{"start":{"line":190,"column":32},"end":{"line":190,"column":42}}],"line":190}},"s":{"0":1,"1":1,"2":1,"3":0,"4":1,"5":1,"6":1,"7":1,"8":1,"9":1,"10":1,"11":0,"12":0,"13":0,"14":0,"15":0,"16":1,"17":1,"18":0,"19":0,"20":0,"21":0,"22":0,"23":0,"24":0,"25":0,"26":0,"27":0,"28":0,"29":0,"30":0,"31":0,"32":0,"33":0,"34":0,"35":0,"36":0,"37":0,"38":0,"39":0,"40":0,"41":0,"42":0,"43":0,"44":1},"f":{"0":0,"1":1,"2":0,"3":0,"4":0,"5":0},"b":{"0":[0,0],"1":[0,0],"2":[0,0],"3":[0,0],"4":[0,0]},"_coverageSchema":"1a1c01bbd47fc00a2c39e90264f33305004495a9","hash":"86bbb15af8cc1054b8df273481ed34bebb94823e"}
,"/Users/mac/Documents/hng/hng_online/UserOrgApi/src/controllers/orgController.js": {"path":"/Users/mac/Documents/hng/hng_online/UserOrgApi/src/controllers/orgController.js","statementMap":{"0":{"start":{"line":1,"column":19},"end":{"line":1,"column":49}},"1":{"start":{"line":6,"column":4},"end":{"line":26,"column":5}},"2":{"start":{"line":7,"column":28},"end":{"line":15,"column":8}},"3":{"start":{"line":17,"column":6},"end":{"line":23,"column":9}},"4":{"start":{"line":25,"column":6},"end":{"line":25,"column":63}},"5":{"start":{"line":31,"column":4},"end":{"line":66,"column":9}},"6":{"start":{"line":33,"column":24},"end":{"line":33,"column":34}},"7":{"start":{"line":34,"column":29},"end":{"line":39,"column":10}},"8":{"start":{"line":41,"column":8},"end":{"line":43,"column":9}},"9":{"start":{"line":42,"column":10},"end":{"line":42,"column":68}},"10":{"start":{"line":45,"column":8},"end":{"line":45,"column":39}},"11":{"start":{"line":46,"column":28},"end":{"line":46,"column":89}},"12":{"start":{"line":46,"column":60},"end":{"line":46,"column":88}},"13":{"start":{"line":47,"column":8},"end":{"line":47,"column":32}},"14":{"start":{"line":49,"column":8},"end":{"line":61,"column":9}},"15":{"start":{"line":50,"column":10},"end":{"line":50,"column":68}},"16":{"start":{"line":53,"column":10},"end":{"line":60,"column":11}},"17":{"start":{"line":65,"column":10},"end":{"line":65,"column":67}},"18":{"start":{"line":72,"column":32},"end":{"line":72,"column":40}},"19":{"start":{"line":74,"column":2},"end":{"line":102,"column":3}},"20":{"start":{"line":75,"column":25},"end":{"line":89,"column":6}},"21":{"start":{"line":91,"column":4},"end":{"line":95,"column":7}},"22":{"start":{"line":97,"column":4},"end":{"line":101,"column":7}},"23":{"start":{"line":108,"column":22},"end":{"line":108,"column":32}},"24":{"start":{"line":109,"column":23},"end":{"line":109,"column":31}},"25":{"start":{"line":111,"column":4},"end":{"line":140,"column":5}},"26":{"start":{"line":113,"column":27},"end":{"line":113,"column":85}},"27":{"start":{"line":114,"column":6},"end":{"line":116,"column":7}},"28":{"start":{"line":115,"column":8},"end":{"line":115,"column":75}},"29":{"start":{"line":119,"column":19},"end":{"line":120,"column":28}},"30":{"start":{"line":121,"column":6},"end":{"line":123,"column":7}},"31":{"start":{"line":122,"column":8},"end":{"line":122,"column":67}},"32":{"start":{"line":126,"column":6},"end":{"line":131,"column":9}},"33":{"start":{"line":133,"column":6},"end":{"line":136,"column":9}},"34":{"start":{"line":139,"column":6},"end":{"line":139,"column":63}},"35":{"start":{"line":147,"column":2},"end":{"line":150,"column":6}}},"fnMap":{"0":{"name":"getallOrg","decl":{"start":{"line":5,"column":15},"end":{"line":5,"column":24}},"loc":{"start":{"line":5,"column":42},"end":{"line":27,"column":1}},"line":5},"1":{"name":"getAOrg","decl":{"start":{"line":30,"column":15},"end":{"line":30,"column":22}},"loc":{"start":{"line":30,"column":40},"end":{"line":67,"column":1}},"line":30},"2":{"name":"(anonymous_2)","decl":{"start":{"line":46,"column":52},"end":{"line":46,"column":53}},"loc":{"start":{"line":46,"column":60},"end":{"line":46,"column":88}},"line":46},"3":{"name":"createOrg","decl":{"start":{"line":71,"column":15},"end":{"line":71,"column":24}},"loc":{"start":{"line":71,"column":42},"end":{"line":103,"column":1}},"line":71},"4":{"name":"addUserToOrg","decl":{"start":{"line":107,"column":15},"end":{"line":107,"column":27}},"loc":{"start":{"line":107,"column":45},"end":{"line":141,"column":3}},"line":107}},"branchMap":{"0":{"loc":{"start":{"line":41,"column":8},"end":{"line":43,"column":9}},"type":"if","locations":[{"start":{"line":41,"column":8},"end":{"line":43,"column":9}},{"start":{},"end":{}}],"line":41},"1":{"loc":{"start":{"line":49,"column":8},"end":{"line":61,"column":9}},"type":"if","locations":[{"start":{"line":49,"column":8},"end":{"line":61,"column":9}},{"start":{"line":52,"column":14},"end":{"line":61,"column":9}}],"line":49},"2":{"loc":{"start":{"line":114,"column":6},"end":{"line":116,"column":7}},"type":"if","locations":[{"start":{"line":114,"column":6},"end":{"line":116,"column":7}},{"start":{},"end":{}}],"line":114},"3":{"loc":{"start":{"line":121,"column":6},"end":{"line":123,"column":7}},"type":"if","locations":[{"start":{"line":121,"column":6},"end":{"line":123,"column":7}},{"start":{},"end":{}}],"line":121}},"s":{"0":1,"1":0,"2":0,"3":0,"4":0,"5":0,"6":0,"7":0,"8":0,"9":0,"10":0,"11":0,"12":0,"13":0,"14":0,"15":0,"16":0,"17":0,"18":0,"19":0,"20":0,"21":0,"22":0,"23":0,"24":0,"25":0,"26":0,"27":0,"28":0,"29":0,"30":0,"31":0,"32":0,"33":0,"34":0,"35":1},"f":{"0":0,"1":0,"2":0,"3":0,"4":0},"b":{"0":[0,0],"1":[0,0],"2":[0,0],"3":[0,0]},"_coverageSchema":"1a1c01bbd47fc00a2c39e90264f33305004495a9","hash":"643b5d3bc3c9bd665cd555b182bc7a07d1b1e57a"}
,"/Users/mac/Documents/hng/hng_online/UserOrgApi/src/middlewares/authMiddleware.js": {"path":"/Users/mac/Documents/hng/hng_online/UserOrgApi/src/middlewares/authMiddleware.js","statementMap":{"0":{"start":{"line":1,"column":19},"end":{"line":1,"column":49}},"1":{"start":{"line":2,"column":12},"end":{"line":2,"column":35}},"2":{"start":{"line":4,"column":19},"end":{"line":4,"column":41}},"3":{"start":{"line":8,"column":26},"end":{"line":32,"column":1}},"4":{"start":{"line":9,"column":21},"end":{"line":9,"column":48}},"5":{"start":{"line":10,"column":16},"end":{"line":10,"column":54}},"6":{"start":{"line":11,"column":2},"end":{"line":11,"column":72}},"7":{"start":{"line":11,"column":14},"end":{"line":11,"column":72}},"8":{"start":{"line":14,"column":2},"end":{"line":23,"column":5}},"9":{"start":{"line":15,"column":4},"end":{"line":20,"column":5}},"10":{"start":{"line":16,"column":6},"end":{"line":18,"column":7}},"11":{"start":{"line":17,"column":8},"end":{"line":17,"column":66}},"12":{"start":{"line":19,"column":6},"end":{"line":19,"column":64}},"13":{"start":{"line":21,"column":4},"end":{"line":21,"column":20}},"14":{"start":{"line":22,"column":4},"end":{"line":22,"column":11}},"15":{"start":{"line":34,"column":0},"end":{"line":34,"column":38}}},"fnMap":{"0":{"name":"(anonymous_0)","decl":{"start":{"line":8,"column":26},"end":{"line":8,"column":27}},"loc":{"start":{"line":8,"column":46},"end":{"line":32,"column":1}},"line":8},"1":{"name":"(anonymous_1)","decl":{"start":{"line":14,"column":32},"end":{"line":14,"column":33}},"loc":{"start":{"line":14,"column":47},"end":{"line":23,"column":3}},"line":14}},"branchMap":{"0":{"loc":{"start":{"line":10,"column":16},"end":{"line":10,"column":54}},"type":"binary-expr","locations":[{"start":{"line":10,"column":16},"end":{"line":10,"column":26}},{"start":{"line":10,"column":30},"end":{"line":10,"column":54}}],"line":10},"1":{"loc":{"start":{"line":11,"column":2},"end":{"line":11,"column":72}},"type":"if","locations":[{"start":{"line":11,"column":2},"end":{"line":11,"column":72}},{"start":{},"end":{}}],"line":11},"2":{"loc":{"start":{"line":15,"column":4},"end":{"line":20,"column":5}},"type":"if","locations":[{"start":{"line":15,"column":4},"end":{"line":20,"column":5}},{"start":{},"end":{}}],"line":15},"3":{"loc":{"start":{"line":16,"column":6},"end":{"line":18,"column":7}},"type":"if","locations":[{"start":{"line":16,"column":6},"end":{"line":18,"column":7}},{"start":{},"end":{}}],"line":16}},"s":{"0":1,"1":1,"2":1,"3":1,"4":0,"5":0,"6":0,"7":0,"8":0,"9":0,"10":0,"11":0,"12":0,"13":0,"14":0,"15":1},"f":{"0":0,"1":0},"b":{"0":[0,0],"1":[0,0],"2":[0,0],"3":[0,0]},"_coverageSchema":"1a1c01bbd47fc00a2c39e90264f33305004495a9","hash":"918816a32c3eefd1a4d69c6b293f6cb5c72317c0"}
,"/Users/mac/Documents/hng/hng_online/UserOrgApi/src/routes/authRoute.js": {"path":"/Users/mac/Documents/hng/hng_online/UserOrgApi/src/routes/authRoute.js","statementMap":{"0":{"start":{"line":1,"column":15},"end":{"line":1,"column":42}},"1":{"start":{"line":8,"column":6},"end":{"line":8,"column":46}},"2":{"start":{"line":10,"column":30},"end":{"line":10,"column":70}},"3":{"start":{"line":11,"column":42},"end":{"line":11,"column":67}},"4":{"start":{"line":14,"column":0},"end":{"line":14,"column":39}},"5":{"start":{"line":16,"column":0},"end":{"line":16,"column":73}},"6":{"start":{"line":18,"column":0},"end":{"line":18,"column":34}},"7":{"start":{"line":20,"column":0},"end":{"line":20,"column":57}},"8":{"start":{"line":27,"column":0},"end":{"line":27,"column":24}}},"fnMap":{},"branchMap":{},"s":{"0":1,"1":1,"2":1,"3":1,"4":1,"5":1,"6":1,"7":1,"8":1},"f":{},"b":{},"_coverageSchema":"1a1c01bbd47fc00a2c39e90264f33305004495a9","hash":"e94532e68dc163843d7237fb5a2c306b1fb52e51"}
,"/Users/mac/Documents/hng/hng_online/UserOrgApi/src/routes/orgRoute.js": {"path":"/Users/mac/Documents/hng/hng_online/UserOrgApi/src/routes/orgRoute.js","statementMap":{"0":{"start":{"line":1,"column":15},"end":{"line":1,"column":42}},"1":{"start":{"line":5,"column":6},"end":{"line":5,"column":45}},"2":{"start":{"line":7,"column":30},"end":{"line":7,"column":70}},"3":{"start":{"line":8,"column":50},"end":{"line":8,"column":75}},"4":{"start":{"line":12,"column":0},"end":{"line":12,"column":62}},"5":{"start":{"line":14,"column":0},"end":{"line":14,"column":68}},"6":{"start":{"line":16,"column":0},"end":{"line":16,"column":105}},"7":{"start":{"line":18,"column":0},"end":{"line":18,"column":61}},"8":{"start":{"line":22,"column":2},"end":{"line":22,"column":26}}},"fnMap":{},"branchMap":{},"s":{"0":1,"1":1,"2":1,"3":1,"4":1,"5":1,"6":1,"7":1,"8":1},"f":{},"b":{},"_coverageSchema":"1a1c01bbd47fc00a2c39e90264f33305004495a9","hash":"8eccee69c3080995e97015e0538e36e2a8f823ab"}
,"/Users/mac/Documents/hng/hng_online/UserOrgApi/src/services/authService.js": {"path":"/Users/mac/Documents/hng/hng_online/UserOrgApi/src/services/authService.js","statementMap":{"0":{"start":{"line":1,"column":15},"end":{"line":1,"column":32}},"1":{"start":{"line":6,"column":17},"end":{"line":6,"column":37}},"2":{"start":{"line":7,"column":4},"end":{"line":7,"column":44}},"3":{"start":{"line":13,"column":4},"end":{"line":13,"column":41}},"4":{"start":{"line":16,"column":0},"end":{"line":18,"column":2}}},"fnMap":{"0":{"name":"hashPassword","decl":{"start":{"line":5,"column":9},"end":{"line":5,"column":21}},"loc":{"start":{"line":5,"column":32},"end":{"line":8,"column":1}},"line":5},"1":{"name":"comparePassword","decl":{"start":{"line":12,"column":9},"end":{"line":12,"column":24}},"loc":{"start":{"line":12,"column":36},"end":{"line":14,"column":1}},"line":12}},"branchMap":{},"s":{"0":1,"1":1,"2":1,"3":0,"4":1},"f":{"0":1,"1":0},"b":{},"_coverageSchema":"1a1c01bbd47fc00a2c39e90264f33305004495a9","hash":"efeef4f4bce106390712fde75bfb95850b5de1e7"}
,"/Users/mac/Documents/hng/hng_online/UserOrgApi/src/services/tokenService.js": {"path":"/Users/mac/Documents/hng/hng_online/UserOrgApi/src/services/tokenService.js","statementMap":{"0":{"start":{"line":1,"column":12},"end":{"line":1,"column":35}},"1":{"start":{"line":3,"column":19},"end":{"line":3,"column":41}},"2":{"start":{"line":8,"column":2},"end":{"line":8,"column":50}},"3":{"start":{"line":13,"column":2},"end":{"line":17,"column":3}},"4":{"start":{"line":14,"column":4},"end":{"line":14,"column":37}},"5":{"start":{"line":16,"column":4},"end":{"line":16,"column":48}},"6":{"start":{"line":20,"column":0},"end":{"line":24,"column":2}}},"fnMap":{"0":{"name":"signToken","decl":{"start":{"line":7,"column":9},"end":{"line":7,"column":18}},"loc":{"start":{"line":7,"column":47},"end":{"line":9,"column":1}},"line":7},"1":{"name":"validateToken","decl":{"start":{"line":12,"column":9},"end":{"line":12,"column":22}},"loc":{"start":{"line":12,"column":38},"end":{"line":18,"column":1}},"line":12}},"branchMap":{},"s":{"0":1,"1":1,"2":0,"3":0,"4":0,"5":0,"6":1},"f":{"0":0,"1":0},"b":{},"_coverageSchema":"1a1c01bbd47fc00a2c39e90264f33305004495a9","hash":"be9637c98a77acfdcd98f4664f4b9956f3593927"}
,"/Users/mac/Documents/hng/hng_online/UserOrgApi/src/utils/error.js": {"path":"/Users/mac/Documents/hng/hng_online/UserOrgApi/src/utils/error.js","statementMap":{"0":{"start":{"line":1,"column":35},"end":{"line":1,"column":63}},"1":{"start":{"line":2,"column":19},"end":{"line":2,"column":49}},"2":{"start":{"line":6,"column":28},"end":{"line":34,"column":3}},"3":{"start":{"line":7,"column":4},"end":{"line":33,"column":6}},"4":{"start":{"line":11,"column":31},"end":{"line":11,"column":81}},"5":{"start":{"line":12,"column":10},"end":{"line":14,"column":11}},"6":{"start":{"line":13,"column":12},"end":{"line":13,"column":52}},"7":{"start":{"line":15,"column":10},"end":{"line":15,"column":22}},"8":{"start":{"line":36,"column":38},"end":{"line":42,"column":3}},"9":{"start":{"line":37,"column":4},"end":{"line":41,"column":6}},"10":{"start":{"line":46,"column":17},"end":{"line":58,"column":1}},"11":{"start":{"line":47,"column":19},"end":{"line":47,"column":40}},"12":{"start":{"line":48,"column":4},"end":{"line":50,"column":5}},"13":{"start":{"line":49,"column":8},"end":{"line":49,"column":22}},"14":{"start":{"line":52,"column":28},"end":{"line":52,"column":30}},"15":{"start":{"line":53,"column":4},"end":{"line":53,"column":91}},"16":{"start":{"line":53,"column":30},"end":{"line":53,"column":89}},"17":{"start":{"line":55,"column":4},"end":{"line":57,"column":7}},"18":{"start":{"line":61,"column":0},"end":{"line":63,"column":1}}},"fnMap":{"0":{"name":"(anonymous_0)","decl":{"start":{"line":6,"column":28},"end":{"line":6,"column":29}},"loc":{"start":{"line":6,"column":34},"end":{"line":34,"column":3}},"line":6},"1":{"name":"(anonymous_1)","decl":{"start":{"line":10,"column":16},"end":{"line":10,"column":17}},"loc":{"start":{"line":10,"column":33},"end":{"line":16,"column":9}},"line":10},"2":{"name":"(anonymous_2)","decl":{"start":{"line":36,"column":38},"end":{"line":36,"column":39}},"loc":{"start":{"line":36,"column":44},"end":{"line":42,"column":3}},"line":36},"3":{"name":"(anonymous_3)","decl":{"start":{"line":46,"column":17},"end":{"line":46,"column":18}},"loc":{"start":{"line":46,"column":37},"end":{"line":58,"column":1}},"line":46},"4":{"name":"(anonymous_4)","decl":{"start":{"line":53,"column":23},"end":{"line":53,"column":24}},"loc":{"start":{"line":53,"column":30},"end":{"line":53,"column":89}},"line":53}},"branchMap":{"0":{"loc":{"start":{"line":12,"column":10},"end":{"line":14,"column":11}},"type":"if","locations":[{"start":{"line":12,"column":10},"end":{"line":14,"column":11}},{"start":{},"end":{}}],"line":12},"1":{"loc":{"start":{"line":48,"column":4},"end":{"line":50,"column":5}},"type":"if","locations":[{"start":{"line":48,"column":4},"end":{"line":50,"column":5}},{"start":{},"end":{}}],"line":48}},"s":{"0":1,"1":1,"2":1,"3":1,"4":1,"5":1,"6":0,"7":1,"8":1,"9":1,"10":1,"11":1,"12":1,"13":1,"14":0,"15":0,"16":0,"17":0,"18":1},"f":{"0":1,"1":1,"2":1,"3":1,"4":0},"b":{"0":[0,1],"1":[1,0]},"_coverageSchema":"1a1c01bbd47fc00a2c39e90264f33305004495a9","hash":"41e282f4da220ecfe572ad9a53d386fb90431da9"}
}
