TN:
SF:app.js
FN:50,(anonymous_0)
FNF:1
FNH:1
FNDA:1,(anonymous_0)
DA:1,1
DA:2,1
DA:5,1
DA:6,1
DA:7,1
DA:11,1
DA:22,1
DA:23,1
DA:24,1
DA:26,1
DA:35,1
DA:36,1
DA:39,1
DA:40,1
DA:50,1
DA:51,1
DA:55,1
LF:17
LH:17
BRF:0
BRH:0
end_of_record
TN:
SF:context.js
FN:15,createUser
FNF:1
FNH:0
FNDA:0,createUser
DA:13,1
DA:16,0
DA:17,0
DA:21,0
DA:26,1
LF:5
LH:2
BRDA:16,0,0,0
BRDA:16,0,1,0
BRF:2
BRH:0
end_of_record
TN:
SF:src/controllers/authController.js
FN:11,authhome
FN:16,register
FN:77,login
FN:169,getUser
FN:181,(anonymous_4)
FN:200,(anonymous_5)
FNF:6
FNH:2
FNDA:0,authhome
FNDA:7,register
FNDA:3,login
FNDA:0,getUser
FNDA:0,(anonymous_4)
FNDA:0,(anonymous_5)
DA:3,1
DA:4,1
DA:5,1
DA:12,0
DA:17,7
DA:18,7
DA:20,7
DA:21,7
DA:43,7
DA:45,0
DA:46,0
DA:60,0
DA:62,0
DA:70,7
DA:110,3
DA:111,3
DA:112,3
DA:113,3
DA:114,3
DA:121,0
DA:122,0
DA:126,0
DA:141,0
DA:170,0
DA:171,0
DA:173,0
DA:175,0
DA:181,0
DA:184,0
DA:195,0
DA:196,0
DA:200,0
DA:202,0
DA:203,0
DA:205,0
DA:219,0
DA:220,0
DA:228,1
LF:38
LH:15
BRDA:113,0,0,3
BRDA:113,0,1,0
BRDA:113,1,0,3
BRDA:113,1,1,0
BRDA:195,2,0,0
BRDA:195,2,1,0
BRDA:202,3,0,0
BRDA:202,3,1,0
BRDA:202,4,0,0
BRDA:202,4,1,0
BRF:10
BRH:2
end_of_record
TN:
SF:src/controllers/orgController.js
FN:5,getallOrg
FN:30,getAOrg
FN:46,(anonymous_2)
FN:71,createOrg
FN:107,addUserToOrg
FNF:5
FNH:0
FNDA:0,getallOrg
FNDA:0,getAOrg
FNDA:0,(anonymous_2)
FNDA:0,createOrg
FNDA:0,addUserToOrg
DA:1,1
DA:6,0
DA:7,0
DA:17,0
DA:25,0
DA:31,0
DA:33,0
DA:34,0
DA:41,0
DA:42,0
DA:45,0
DA:46,0
DA:47,0
DA:49,0
DA:50,0
DA:53,0
DA:65,0
DA:72,0
DA:74,0
DA:75,0
DA:91,0
DA:97,0
DA:108,0
DA:109,0
DA:111,0
DA:113,0
DA:114,0
DA:115,0
DA:119,0
DA:121,0
DA:122,0
DA:126,0
DA:133,0
DA:139,0
DA:147,1
LF:35
LH:2
BRDA:41,0,0,0
BRDA:41,0,1,0
BRDA:49,1,0,0
BRDA:49,1,1,0
BRDA:114,2,0,0
BRDA:114,2,1,0
BRDA:121,3,0,0
BRDA:121,3,1,0
BRF:8
BRH:0
end_of_record
TN:
SF:src/middlewares/authMiddleware.js
FN:8,(anonymous_0)
FN:14,(anonymous_1)
FNF:2
FNH:2
FNDA:2,(anonymous_0)
FNDA:2,(anonymous_1)
DA:1,1
DA:2,1
DA:4,1
DA:8,1
DA:9,2
DA:10,2
DA:11,2
DA:14,2
DA:15,2
DA:16,2
DA:17,0
DA:19,2
DA:21,0
DA:22,0
DA:34,1
LF:15
LH:12
BRDA:10,0,0,2
BRDA:10,0,1,2
BRDA:11,1,0,0
BRDA:11,1,1,2
BRDA:15,2,0,2
BRDA:15,2,1,0
BRDA:16,3,0,0
BRDA:16,3,1,2
BRF:8
BRH:5
end_of_record
TN:
SF:src/routes/authRoute.js
FNF:0
FNH:0
DA:1,1
DA:8,1
DA:10,1
DA:11,1
DA:14,1
DA:16,1
DA:18,1
DA:20,1
DA:27,1
LF:9
LH:9
BRF:0
BRH:0
end_of_record
TN:
SF:src/routes/orgRoute.js
FNF:0
FNH:0
DA:1,1
DA:5,1
DA:7,1
DA:8,1
DA:12,1
DA:14,1
DA:16,1
DA:18,1
DA:22,1
LF:9
LH:9
BRF:0
BRH:0
end_of_record
TN:
SF:src/services/authService.js
FN:5,hashPassword
FN:12,comparePassword
FNF:2
FNH:1
FNDA:7,hashPassword
FNDA:0,comparePassword
DA:1,1
DA:6,7
DA:7,7
DA:13,0
DA:16,1
LF:5
LH:4
BRF:0
BRH:0
end_of_record
TN:
SF:src/services/tokenService.js
FN:7,signToken
FN:12,validateToken
FNF:2
FNH:0
FNDA:0,signToken
FNDA:0,validateToken
DA:1,1
DA:3,1
DA:8,0
DA:13,0
DA:14,0
DA:16,0
DA:20,1
LF:7
LH:3
BRF:0
BRH:0
end_of_record
TN:
SF:src/utils/error.js
FN:6,(anonymous_0)
FN:10,(anonymous_1)
FN:17,(anonymous_2)
FN:36,(anonymous_3)
FN:46,(anonymous_4)
FN:53,(anonymous_5)
FNF:6
FNH:6
FNDA:1,(anonymous_0)
FNDA:8,(anonymous_1)
FNDA:8,(anonymous_2)
FNDA:1,(anonymous_3)
FNDA:8,(anonymous_4)
FNDA:1,(anonymous_5)
DA:1,1
DA:2,1
DA:6,1
DA:7,1
DA:11,8
DA:12,8
DA:13,0
DA:15,8
DA:18,8
DA:19,8
DA:20,0
DA:22,8
DA:36,1
DA:37,1
DA:46,1
DA:47,8
DA:48,8
DA:49,7
DA:52,1
DA:53,1
DA:55,1
DA:61,1
LF:22
LH:20
BRDA:12,0,0,0
BRDA:12,0,1,8
BRDA:19,1,0,0
BRDA:19,1,1,8
BRDA:48,2,0,7
BRDA:48,2,1,1
BRF:6
BRH:4
end_of_record
