TN:
SF:app.js
FN:44,(anonymous_0)
FN:50,(anonymous_1)
FNF:2
FNH:1
FNDA:1,(anonymous_0)
FNDA:0,(anonymous_1)
DA:1,1
DA:2,1
DA:5,1
DA:6,1
DA:7,1
DA:11,1
DA:22,1
DA:23,1
DA:24,1
DA:26,1
DA:35,1
DA:36,1
DA:39,1
DA:40,1
DA:44,1
DA:45,1
DA:48,1
DA:50,1
DA:51,0
DA:74,1
LF:20
LH:19
BRF:0
BRH:0
end_of_record
TN:
SF:src/controllers/authController.js
FN:14,authhome
FN:19,register
FN:94,login
FN:157,getUser
FN:169,(anonymous_4)
FN:188,(anonymous_5)
FNF:6
FNH:1
FNDA:0,authhome
FNDA:1,register
FNDA:0,login
FNDA:0,getUser
FNDA:0,(anonymous_4)
FNDA:0,(anonymous_5)
DA:6,1
DA:7,1
DA:8,1
DA:15,0
DA:20,1
DA:21,1
DA:27,1
DA:31,1
DA:32,1
DA:55,1
DA:57,1
DA:59,0
DA:60,0
DA:74,0
DA:76,0
DA:77,0
DA:84,1
DA:85,1
DA:95,0
DA:96,0
DA:97,0
DA:100,0
DA:101,0
DA:103,0
DA:105,0
DA:119,0
DA:121,0
DA:129,0
DA:158,0
DA:159,0
DA:161,0
DA:163,0
DA:169,0
DA:172,0
DA:183,0
DA:184,0
DA:188,0
DA:190,0
DA:191,0
DA:193,0
DA:207,0
DA:208,0
DA:216,1
LF:43
LH:13
BRDA:101,0,0,0
BRDA:101,0,1,0
BRDA:101,1,0,0
BRDA:101,1,1,0
BRDA:183,2,0,0
BRDA:183,2,1,0
BRDA:190,3,0,0
BRDA:190,3,1,0
BRDA:190,4,0,0
BRDA:190,4,1,0
BRF:10
BRH:0
end_of_record
TN:
SF:src/controllers/orgController.js
FN:5,getallOrg
FN:30,getAOrg
FN:46,(anonymous_2)
FN:71,createOrg
FN:107,addUserToOrg
FNF:5
FNH:0
FNDA:0,getallOrg
FNDA:0,getAOrg
FNDA:0,(anonymous_2)
FNDA:0,createOrg
FNDA:0,addUserToOrg
DA:1,1
DA:6,0
DA:7,0
DA:17,0
DA:25,0
DA:31,0
DA:33,0
DA:34,0
DA:41,0
DA:42,0
DA:45,0
DA:46,0
DA:47,0
DA:49,0
DA:50,0
DA:53,0
DA:65,0
DA:72,0
DA:74,0
DA:75,0
DA:91,0
DA:97,0
DA:108,0
DA:109,0
DA:111,0
DA:113,0
DA:114,0
DA:115,0
DA:119,0
DA:121,0
DA:122,0
DA:126,0
DA:133,0
DA:139,0
DA:147,1
LF:35
LH:2
BRDA:41,0,0,0
BRDA:41,0,1,0
BRDA:49,1,0,0
BRDA:49,1,1,0
BRDA:114,2,0,0
BRDA:114,2,1,0
BRDA:121,3,0,0
BRDA:121,3,1,0
BRF:8
BRH:0
end_of_record
TN:
SF:src/middlewares/authMiddleware.js
FN:8,(anonymous_0)
FN:14,(anonymous_1)
FNF:2
FNH:0
FNDA:0,(anonymous_0)
FNDA:0,(anonymous_1)
DA:1,1
DA:2,1
DA:4,1
DA:8,1
DA:9,0
DA:10,0
DA:11,0
DA:14,0
DA:15,0
DA:16,0
DA:17,0
DA:19,0
DA:21,0
DA:22,0
DA:34,1
LF:15
LH:5
BRDA:10,0,0,0
BRDA:10,0,1,0
BRDA:11,1,0,0
BRDA:11,1,1,0
BRDA:15,2,0,0
BRDA:15,2,1,0
BRDA:16,3,0,0
BRDA:16,3,1,0
BRF:8
BRH:0
end_of_record
TN:
SF:src/routes/authRoute.js
FNF:0
FNH:0
DA:1,1
DA:8,1
DA:10,1
DA:11,1
DA:14,1
DA:16,1
DA:18,1
DA:20,1
DA:27,1
LF:9
LH:9
BRF:0
BRH:0
end_of_record
TN:
SF:src/routes/orgRoute.js
FNF:0
FNH:0
DA:1,1
DA:5,1
DA:7,1
DA:8,1
DA:12,1
DA:14,1
DA:16,1
DA:18,1
DA:22,1
LF:9
LH:9
BRF:0
BRH:0
end_of_record
TN:
SF:src/services/authService.js
FN:5,hashPassword
FN:12,comparePassword
FNF:2
FNH:1
FNDA:1,hashPassword
FNDA:0,comparePassword
DA:1,1
DA:6,1
DA:7,1
DA:13,0
DA:16,1
LF:5
LH:4
BRF:0
BRH:0
end_of_record
TN:
SF:src/services/tokenService.js
FN:7,signToken
FN:12,validateToken
FNF:2
FNH:0
FNDA:0,signToken
FNDA:0,validateToken
DA:1,1
DA:3,1
DA:8,0
DA:13,0
DA:14,0
DA:16,0
DA:20,1
LF:7
LH:3
BRF:0
BRH:0
end_of_record
TN:
SF:src/utils/error.js
FN:6,(anonymous_0)
FN:10,(anonymous_1)
FN:36,(anonymous_2)
FN:46,(anonymous_3)
FN:53,(anonymous_4)
FNF:5
FNH:4
FNDA:1,(anonymous_0)
FNDA:1,(anonymous_1)
FNDA:1,(anonymous_2)
FNDA:1,(anonymous_3)
FNDA:0,(anonymous_4)
DA:1,1
DA:2,1
DA:6,1
DA:7,1
DA:11,1
DA:12,1
DA:13,0
DA:15,1
DA:36,1
DA:37,1
DA:46,1
DA:47,1
DA:48,1
DA:49,1
DA:52,0
DA:53,0
DA:55,0
DA:61,1
LF:18
LH:14
BRDA:12,0,0,0
BRDA:12,0,1,1
BRDA:48,1,0,1
BRDA:48,1,1,0
BRF:4
BRH:2
end_of_record
